<?xml version="1.0" encoding="UTF-8"?>
<testsuite xmlns:xsi="http://www.w3.org/2001/XMLSchema-instance" xsi:noNamespaceSchemaLocation="https://maven.apache.org/surefire/maven-surefire-plugin/xsd/surefire-test-report.xsd" version="3.0.2" name="com.devcorp.ops_anime_universe_api.domain.service.PokemonCharacterServiceTest" time="0.078" tests="11" errors="0" skipped="0" failures="0">
  <properties>
    <property name="java.specification.version" value="23"/>
    <property name="sun.jnu.encoding" value="UTF-8"/>
    <property name="java.class.path" value="/Users/rodrigocardoso/Documents/ops-anime-universe-api/target/test-classes:/Users/rodrigocardoso/Documents/ops-anime-universe-api/target/classes:/Users/rodrigocardoso/.m2/repository/org/springframework/boot/spring-boot-starter-web/3.4.4/spring-boot-starter-web-3.4.4.jar:/Users/rodrigocardoso/.m2/repository/org/springframework/boot/spring-boot-starter/3.4.4/spring-boot-starter-3.4.4.jar:/Users/rodrigocardoso/.m2/repository/org/springframework/boot/spring-boot/3.4.4/spring-boot-3.4.4.jar:/Users/rodrigocardoso/.m2/repository/org/springframework/boot/spring-boot-autoconfigure/3.4.4/spring-boot-autoconfigure-3.4.4.jar:/Users/rodrigocardoso/.m2/repository/org/springframework/boot/spring-boot-starter-logging/3.4.4/spring-boot-starter-logging-3.4.4.jar:/Users/rodrigocardoso/.m2/repository/ch/qos/logback/logback-classic/1.5.18/logback-classic-1.5.18.jar:/Users/rodrigocardoso/.m2/repository/ch/qos/logback/logback-core/1.5.18/logback-core-1.5.18.jar:/Users/rodrigocardoso/.m2/repository/org/apache/logging/log4j/log4j-to-slf4j/2.24.3/log4j-to-slf4j-2.24.3.jar:/Users/rodrigocardoso/.m2/repository/org/apache/logging/log4j/log4j-api/2.24.3/log4j-api-2.24.3.jar:/Users/rodrigocardoso/.m2/repository/org/slf4j/jul-to-slf4j/2.0.17/jul-to-slf4j-2.0.17.jar:/Users/rodrigocardoso/.m2/repository/jakarta/annotation/jakarta.annotation-api/2.1.1/jakarta.annotation-api-2.1.1.jar:/Users/rodrigocardoso/.m2/repository/org/yaml/snakeyaml/2.3/snakeyaml-2.3.jar:/Users/rodrigocardoso/.m2/repository/org/springframework/boot/spring-boot-starter-json/3.4.4/spring-boot-starter-json-3.4.4.jar:/Users/rodrigocardoso/.m2/repository/com/fasterxml/jackson/datatype/jackson-datatype-jdk8/2.18.3/jackson-datatype-jdk8-2.18.3.jar:/Users/rodrigocardoso/.m2/repository/com/fasterxml/jackson/datatype/jackson-datatype-jsr310/2.18.3/jackson-datatype-jsr310-2.18.3.jar:/Users/rodrigocardoso/.m2/repository/com/fasterxml/jackson/module/jackson-module-parameter-names/2.18.3/jackson-module-parameter-names-2.18.3.jar:/Users/rodrigocardoso/.m2/repository/org/springframework/boot/spring-boot-starter-tomcat/3.4.4/spring-boot-starter-tomcat-3.4.4.jar:/Users/rodrigocardoso/.m2/repository/org/apache/tomcat/embed/tomcat-embed-core/10.1.39/tomcat-embed-core-10.1.39.jar:/Users/rodrigocardoso/.m2/repository/org/apache/tomcat/embed/tomcat-embed-el/10.1.39/tomcat-embed-el-10.1.39.jar:/Users/rodrigocardoso/.m2/repository/org/apache/tomcat/embed/tomcat-embed-websocket/10.1.39/tomcat-embed-websocket-10.1.39.jar:/Users/rodrigocardoso/.m2/repository/org/springframework/spring-web/6.2.5/spring-web-6.2.5.jar:/Users/rodrigocardoso/.m2/repository/org/springframework/spring-beans/6.2.5/spring-beans-6.2.5.jar:/Users/rodrigocardoso/.m2/repository/org/springframework/spring-webmvc/6.2.5/spring-webmvc-6.2.5.jar:/Users/rodrigocardoso/.m2/repository/org/springframework/spring-aop/6.2.5/spring-aop-6.2.5.jar:/Users/rodrigocardoso/.m2/repository/org/springframework/spring-context/6.2.5/spring-context-6.2.5.jar:/Users/rodrigocardoso/.m2/repository/org/springframework/spring-expression/6.2.5/spring-expression-6.2.5.jar:/Users/rodrigocardoso/.m2/repository/org/springframework/boot/spring-boot-starter-webflux/3.4.4/spring-boot-starter-webflux-3.4.4.jar:/Users/rodrigocardoso/.m2/repository/org/springframework/boot/spring-boot-starter-reactor-netty/3.4.4/spring-boot-starter-reactor-netty-3.4.4.jar:/Users/rodrigocardoso/.m2/repository/io/projectreactor/netty/reactor-netty-http/1.2.4/reactor-netty-http-1.2.4.jar:/Users/rodrigocardoso/.m2/repository/io/netty/netty-codec-http/4.1.119.Final/netty-codec-http-4.1.119.Final.jar:/Users/rodrigocardoso/.m2/repository/io/netty/netty-common/4.1.119.Final/netty-common-4.1.119.Final.jar:/Users/rodrigocardoso/.m2/repository/io/netty/netty-buffer/4.1.119.Final/netty-buffer-4.1.119.Final.jar:/Users/rodrigocardoso/.m2/repository/io/netty/netty-transport/4.1.119.Final/netty-transport-4.1.119.Final.jar:/Users/rodrigocardoso/.m2/repository/io/netty/netty-codec/4.1.119.Final/netty-codec-4.1.119.Final.jar:/Users/rodrigocardoso/.m2/repository/io/netty/netty-handler/4.1.119.Final/netty-handler-4.1.119.Final.jar:/Users/rodrigocardoso/.m2/repository/io/netty/netty-codec-http2/4.1.119.Final/netty-codec-http2-4.1.119.Final.jar:/Users/rodrigocardoso/.m2/repository/io/netty/netty-resolver-dns/4.1.119.Final/netty-resolver-dns-4.1.119.Final.jar:/Users/rodrigocardoso/.m2/repository/io/netty/netty-resolver/4.1.119.Final/netty-resolver-4.1.119.Final.jar:/Users/rodrigocardoso/.m2/repository/io/netty/netty-codec-dns/4.1.119.Final/netty-codec-dns-4.1.119.Final.jar:/Users/rodrigocardoso/.m2/repository/io/netty/netty-resolver-dns-native-macos/4.1.119.Final/netty-resolver-dns-native-macos-4.1.119.Final-osx-x86_64.jar:/Users/rodrigocardoso/.m2/repository/io/netty/netty-resolver-dns-classes-macos/4.1.119.Final/netty-resolver-dns-classes-macos-4.1.119.Final.jar:/Users/rodrigocardoso/.m2/repository/io/netty/netty-transport-native-epoll/4.1.119.Final/netty-transport-native-epoll-4.1.119.Final-linux-x86_64.jar:/Users/rodrigocardoso/.m2/repository/io/netty/netty-transport-native-unix-common/4.1.119.Final/netty-transport-native-unix-common-4.1.119.Final.jar:/Users/rodrigocardoso/.m2/repository/io/netty/netty-transport-classes-epoll/4.1.119.Final/netty-transport-classes-epoll-4.1.119.Final.jar:/Users/rodrigocardoso/.m2/repository/io/projectreactor/netty/reactor-netty-core/1.2.4/reactor-netty-core-1.2.4.jar:/Users/rodrigocardoso/.m2/repository/io/netty/netty-handler-proxy/4.1.119.Final/netty-handler-proxy-4.1.119.Final.jar:/Users/rodrigocardoso/.m2/repository/io/netty/netty-codec-socks/4.1.119.Final/netty-codec-socks-4.1.119.Final.jar:/Users/rodrigocardoso/.m2/repository/org/springframework/spring-webflux/6.2.5/spring-webflux-6.2.5.jar:/Users/rodrigocardoso/.m2/repository/com/fasterxml/jackson/module/jackson-module-kotlin/2.18.3/jackson-module-kotlin-2.18.3.jar:/Users/rodrigocardoso/.m2/repository/com/fasterxml/jackson/core/jackson-databind/2.18.3/jackson-databind-2.18.3.jar:/Users/rodrigocardoso/.m2/repository/com/fasterxml/jackson/core/jackson-core/2.18.3/jackson-core-2.18.3.jar:/Users/rodrigocardoso/.m2/repository/com/fasterxml/jackson/core/jackson-annotations/2.18.3/jackson-annotations-2.18.3.jar:/Users/rodrigocardoso/.m2/repository/org/jetbrains/kotlin/kotlin-reflect/1.9.25/kotlin-reflect-1.9.25.jar:/Users/rodrigocardoso/.m2/repository/org/jetbrains/kotlin/kotlin-stdlib/1.9.25/kotlin-stdlib-1.9.25.jar:/Users/rodrigocardoso/.m2/repository/org/jetbrains/annotations/13.0/annotations-13.0.jar:/Users/rodrigocardoso/.m2/repository/org/jetbrains/kotlinx/kotlinx-coroutines-core/1.8.0/kotlinx-coroutines-core-1.8.0.jar:/Users/rodrigocardoso/.m2/repository/org/jetbrains/kotlinx/kotlinx-coroutines-core-jvm/1.8.1/kotlinx-coroutines-core-jvm-1.8.1.jar:/Users/rodrigocardoso/.m2/repository/org/jetbrains/kotlinx/kotlinx-coroutines-reactor/1.8.0/kotlinx-coroutines-reactor-1.8.0.jar:/Users/rodrigocardoso/.m2/repository/io/projectreactor/reactor-core/3.7.4/reactor-core-3.7.4.jar:/Users/rodrigocardoso/.m2/repository/org/reactivestreams/reactive-streams/1.0.4/reactive-streams-1.0.4.jar:/Users/rodrigocardoso/.m2/repository/org/jetbrains/kotlinx/kotlinx-coroutines-reactive/1.8.1/kotlinx-coroutines-reactive-1.8.1.jar:/Users/rodrigocardoso/.m2/repository/org/springframework/boot/spring-boot-starter-cache/3.4.4/spring-boot-starter-cache-3.4.4.jar:/Users/rodrigocardoso/.m2/repository/org/springframework/spring-context-support/6.2.5/spring-context-support-6.2.5.jar:/Users/rodrigocardoso/.m2/repository/com/github/ben-manes/caffeine/caffeine/3.1.8/caffeine-3.1.8.jar:/Users/rodrigocardoso/.m2/repository/org/checkerframework/checker-qual/3.37.0/checker-qual-3.37.0.jar:/Users/rodrigocardoso/.m2/repository/com/google/errorprone/error_prone_annotations/2.21.1/error_prone_annotations-2.21.1.jar:/Users/rodrigocardoso/.m2/repository/io/github/resilience4j/resilience4j-spring-boot3/2.2.0/resilience4j-spring-boot3-2.2.0.jar:/Users/rodrigocardoso/.m2/repository/io/github/resilience4j/resilience4j-spring6/2.2.0/resilience4j-spring6-2.2.0.jar:/Users/rodrigocardoso/.m2/repository/io/github/resilience4j/resilience4j-annotations/2.2.0/resilience4j-annotations-2.2.0.jar:/Users/rodrigocardoso/.m2/repository/io/github/resilience4j/resilience4j-consumer/2.2.0/resilience4j-consumer-2.2.0.jar:/Users/rodrigocardoso/.m2/repository/io/github/resilience4j/resilience4j-circularbuffer/2.2.0/resilience4j-circularbuffer-2.2.0.jar:/Users/rodrigocardoso/.m2/repository/io/github/resilience4j/resilience4j-framework-common/2.2.0/resilience4j-framework-common-2.2.0.jar:/Users/rodrigocardoso/.m2/repository/org/slf4j/slf4j-api/2.0.17/slf4j-api-2.0.17.jar:/Users/rodrigocardoso/.m2/repository/io/github/resilience4j/resilience4j-micrometer/2.2.0/resilience4j-micrometer-2.2.0.jar:/Users/rodrigocardoso/.m2/repository/io/micrometer/micrometer-core/1.14.5/micrometer-core-1.14.5.jar:/Users/rodrigocardoso/.m2/repository/org/hdrhistogram/HdrHistogram/2.2.2/HdrHistogram-2.2.2.jar:/Users/rodrigocardoso/.m2/repository/org/latencyutils/LatencyUtils/2.0.3/LatencyUtils-2.0.3.jar:/Users/rodrigocardoso/.m2/repository/io/github/resilience4j/resilience4j-kotlin/2.2.0/resilience4j-kotlin-2.2.0.jar:/Users/rodrigocardoso/.m2/repository/org/jetbrains/kotlin/kotlin-stdlib-jdk8/1.9.25/kotlin-stdlib-jdk8-1.9.25.jar:/Users/rodrigocardoso/.m2/repository/org/jetbrains/kotlin/kotlin-stdlib-jdk7/1.9.25/kotlin-stdlib-jdk7-1.9.25.jar:/Users/rodrigocardoso/.m2/repository/io/github/resilience4j/resilience4j-reactor/2.2.0/resilience4j-reactor-2.2.0.jar:/Users/rodrigocardoso/.m2/repository/io/github/resilience4j/resilience4j-circuitbreaker/2.2.0/resilience4j-circuitbreaker-2.2.0.jar:/Users/rodrigocardoso/.m2/repository/io/github/resilience4j/resilience4j-core/2.2.0/resilience4j-core-2.2.0.jar:/Users/rodrigocardoso/.m2/repository/io/github/resilience4j/resilience4j-ratelimiter/2.2.0/resilience4j-ratelimiter-2.2.0.jar:/Users/rodrigocardoso/.m2/repository/io/github/resilience4j/resilience4j-timelimiter/2.2.0/resilience4j-timelimiter-2.2.0.jar:/Users/rodrigocardoso/.m2/repository/io/github/resilience4j/resilience4j-bulkhead/2.2.0/resilience4j-bulkhead-2.2.0.jar:/Users/rodrigocardoso/.m2/repository/io/github/resilience4j/resilience4j-retry/2.2.0/resilience4j-retry-2.2.0.jar:/Users/rodrigocardoso/.m2/repository/org/springframework/boot/spring-boot-starter-actuator/3.4.4/spring-boot-starter-actuator-3.4.4.jar:/Users/rodrigocardoso/.m2/repository/org/springframework/boot/spring-boot-actuator-autoconfigure/3.4.4/spring-boot-actuator-autoconfigure-3.4.4.jar:/Users/rodrigocardoso/.m2/repository/org/springframework/boot/spring-boot-actuator/3.4.4/spring-boot-actuator-3.4.4.jar:/Users/rodrigocardoso/.m2/repository/io/micrometer/micrometer-observation/1.14.5/micrometer-observation-1.14.5.jar:/Users/rodrigocardoso/.m2/repository/io/micrometer/micrometer-commons/1.14.5/micrometer-commons-1.14.5.jar:/Users/rodrigocardoso/.m2/repository/io/micrometer/micrometer-jakarta9/1.14.5/micrometer-jakarta9-1.14.5.jar:/Users/rodrigocardoso/.m2/repository/org/springframework/boot/spring-boot-starter-test/3.4.4/spring-boot-starter-test-3.4.4.jar:/Users/rodrigocardoso/.m2/repository/org/springframework/boot/spring-boot-test/3.4.4/spring-boot-test-3.4.4.jar:/Users/rodrigocardoso/.m2/repository/org/springframework/boot/spring-boot-test-autoconfigure/3.4.4/spring-boot-test-autoconfigure-3.4.4.jar:/Users/rodrigocardoso/.m2/repository/com/jayway/jsonpath/json-path/2.9.0/json-path-2.9.0.jar:/Users/rodrigocardoso/.m2/repository/jakarta/xml/bind/jakarta.xml.bind-api/4.0.2/jakarta.xml.bind-api-4.0.2.jar:/Users/rodrigocardoso/.m2/repository/jakarta/activation/jakarta.activation-api/2.1.3/jakarta.activation-api-2.1.3.jar:/Users/rodrigocardoso/.m2/repository/net/minidev/json-smart/2.5.2/json-smart-2.5.2.jar:/Users/rodrigocardoso/.m2/repository/net/minidev/accessors-smart/2.5.2/accessors-smart-2.5.2.jar:/Users/rodrigocardoso/.m2/repository/org/ow2/asm/asm/9.7.1/asm-9.7.1.jar:/Users/rodrigocardoso/.m2/repository/org/assertj/assertj-core/3.26.3/assertj-core-3.26.3.jar:/Users/rodrigocardoso/.m2/repository/net/bytebuddy/byte-buddy/1.15.11/byte-buddy-1.15.11.jar:/Users/rodrigocardoso/.m2/repository/org/awaitility/awaitility/4.2.2/awaitility-4.2.2.jar:/Users/rodrigocardoso/.m2/repository/org/hamcrest/hamcrest/2.2/hamcrest-2.2.jar:/Users/rodrigocardoso/.m2/repository/org/junit/jupiter/junit-jupiter/5.11.4/junit-jupiter-5.11.4.jar:/Users/rodrigocardoso/.m2/repository/org/junit/jupiter/junit-jupiter-params/5.11.4/junit-jupiter-params-5.11.4.jar:/Users/rodrigocardoso/.m2/repository/org/mockito/mockito-core/5.14.2/mockito-core-5.14.2.jar:/Users/rodrigocardoso/.m2/repository/net/bytebuddy/byte-buddy-agent/1.15.11/byte-buddy-agent-1.15.11.jar:/Users/rodrigocardoso/.m2/repository/org/objenesis/objenesis/3.3/objenesis-3.3.jar:/Users/rodrigocardoso/.m2/repository/org/mockito/mockito-junit-jupiter/5.14.2/mockito-junit-jupiter-5.14.2.jar:/Users/rodrigocardoso/.m2/repository/org/skyscreamer/jsonassert/1.5.3/jsonassert-1.5.3.jar:/Users/rodrigocardoso/.m2/repository/com/vaadin/external/google/android-json/0.0.20131108.vaadin1/android-json-0.0.20131108.vaadin1.jar:/Users/rodrigocardoso/.m2/repository/org/springframework/spring-core/6.2.5/spring-core-6.2.5.jar:/Users/rodrigocardoso/.m2/repository/org/springframework/spring-jcl/6.2.5/spring-jcl-6.2.5.jar:/Users/rodrigocardoso/.m2/repository/org/springframework/spring-test/6.2.5/spring-test-6.2.5.jar:/Users/rodrigocardoso/.m2/repository/org/xmlunit/xmlunit-core/2.10.0/xmlunit-core-2.10.0.jar:/Users/rodrigocardoso/.m2/repository/org/jetbrains/kotlin/kotlin-test-junit5/1.9.25/kotlin-test-junit5-1.9.25.jar:/Users/rodrigocardoso/.m2/repository/org/jetbrains/kotlin/kotlin-test/1.9.25/kotlin-test-1.9.25.jar:/Users/rodrigocardoso/.m2/repository/org/junit/jupiter/junit-jupiter-api/5.11.4/junit-jupiter-api-5.11.4.jar:/Users/rodrigocardoso/.m2/repository/org/opentest4j/opentest4j/1.3.0/opentest4j-1.3.0.jar:/Users/rodrigocardoso/.m2/repository/org/junit/platform/junit-platform-commons/1.11.4/junit-platform-commons-1.11.4.jar:/Users/rodrigocardoso/.m2/repository/org/apiguardian/apiguardian-api/1.1.2/apiguardian-api-1.1.2.jar:/Users/rodrigocardoso/.m2/repository/org/junit/jupiter/junit-jupiter-engine/5.11.4/junit-jupiter-engine-5.11.4.jar:/Users/rodrigocardoso/.m2/repository/org/junit/platform/junit-platform-engine/1.11.4/junit-platform-engine-1.11.4.jar:/Users/rodrigocardoso/.m2/repository/org/jetbrains/kotlinx/kotlinx-coroutines-test/1.8.0/kotlinx-coroutines-test-1.8.0.jar:/Users/rodrigocardoso/.m2/repository/org/jetbrains/kotlinx/kotlinx-coroutines-test-jvm/1.8.1/kotlinx-coroutines-test-jvm-1.8.1.jar:/Users/rodrigocardoso/.m2/repository/io/mockk/mockk/1.13.11/mockk-1.13.11.jar:/Users/rodrigocardoso/.m2/repository/io/mockk/mockk-dsl/1.13.11/mockk-dsl-1.13.11.jar:/Users/rodrigocardoso/.m2/repository/io/mockk/mockk-agent/1.13.11/mockk-agent-1.13.11.jar:/Users/rodrigocardoso/.m2/repository/io/mockk/mockk-agent-api/1.13.11/mockk-agent-api-1.13.11.jar:/Users/rodrigocardoso/.m2/repository/io/mockk/mockk-core/1.13.11/mockk-core-1.13.11.jar:/Users/rodrigocardoso/.m2/repository/org/jetbrains/kotlin/kotlin-stdlib-common/1.9.25/kotlin-stdlib-common-1.9.25.jar:/Users/rodrigocardoso/.m2/repository/org/mockito/kotlin/mockito-kotlin/5.2.1/mockito-kotlin-5.2.1.jar:/Users/rodrigocardoso/.m2/repository/io/projectreactor/reactor-test/3.7.4/reactor-test-3.7.4.jar:/Users/rodrigocardoso/.m2/repository/com/squareup/okhttp3/mockwebserver/4.12.0/mockwebserver-4.12.0.jar:/Users/rodrigocardoso/.m2/repository/com/squareup/okhttp3/okhttp/4.12.0/okhttp-4.12.0.jar:/Users/rodrigocardoso/.m2/repository/com/squareup/okio/okio/3.6.0/okio-3.6.0.jar:/Users/rodrigocardoso/.m2/repository/com/squareup/okio/okio-jvm/3.6.0/okio-jvm-3.6.0.jar:/Users/rodrigocardoso/.m2/repository/junit/junit/4.13.2/junit-4.13.2.jar:/Users/rodrigocardoso/.m2/repository/org/hamcrest/hamcrest-core/2.2/hamcrest-core-2.2.jar:"/>
    <property name="java.vm.vendor" value="Homebrew"/>
    <property name="sun.arch.data.model" value="64"/>
    <property name="java.vendor.url" value="https://github.com/Homebrew/homebrew-core/issues"/>
    <property name="user.timezone" value="America/Fortaleza"/>
    <property name="os.name" value="Mac OS X"/>
    <property name="java.vm.specification.version" value="23"/>
    <property name="sun.java.launcher" value="SUN_STANDARD"/>
    <property name="user.country" value="BR"/>
    <property name="sun.boot.library.path" value="/opt/homebrew/Cellar/openjdk/23.0.2/libexec/openjdk.jdk/Contents/Home/lib"/>
    <property name="sun.java.command" value="/Users/rodrigocardoso/Documents/ops-anime-universe-api/target/surefire/surefirebooter-20250329213836817_3.jar /Users/rodrigocardoso/Documents/ops-anime-universe-api/target/surefire 2025-03-29T21-38-36_750-jvmRun1 surefire-20250329213836817_1tmp surefire_0-20250329213836817_2tmp"/>
    <property name="http.nonProxyHosts" value="local|*.local|169.254/16|*.169.254/16"/>
    <property name="jdk.debug" value="release"/>
    <property name="surefire.test.class.path" value="/Users/rodrigocardoso/Documents/ops-anime-universe-api/target/test-classes:/Users/rodrigocardoso/Documents/ops-anime-universe-api/target/classes:/Users/rodrigocardoso/.m2/repository/org/springframework/boot/spring-boot-starter-web/3.4.4/spring-boot-starter-web-3.4.4.jar:/Users/rodrigocardoso/.m2/repository/org/springframework/boot/spring-boot-starter/3.4.4/spring-boot-starter-3.4.4.jar:/Users/rodrigocardoso/.m2/repository/org/springframework/boot/spring-boot/3.4.4/spring-boot-3.4.4.jar:/Users/rodrigocardoso/.m2/repository/org/springframework/boot/spring-boot-autoconfigure/3.4.4/spring-boot-autoconfigure-3.4.4.jar:/Users/rodrigocardoso/.m2/repository/org/springframework/boot/spring-boot-starter-logging/3.4.4/spring-boot-starter-logging-3.4.4.jar:/Users/rodrigocardoso/.m2/repository/ch/qos/logback/logback-classic/1.5.18/logback-classic-1.5.18.jar:/Users/rodrigocardoso/.m2/repository/ch/qos/logback/logback-core/1.5.18/logback-core-1.5.18.jar:/Users/rodrigocardoso/.m2/repository/org/apache/logging/log4j/log4j-to-slf4j/2.24.3/log4j-to-slf4j-2.24.3.jar:/Users/rodrigocardoso/.m2/repository/org/apache/logging/log4j/log4j-api/2.24.3/log4j-api-2.24.3.jar:/Users/rodrigocardoso/.m2/repository/org/slf4j/jul-to-slf4j/2.0.17/jul-to-slf4j-2.0.17.jar:/Users/rodrigocardoso/.m2/repository/jakarta/annotation/jakarta.annotation-api/2.1.1/jakarta.annotation-api-2.1.1.jar:/Users/rodrigocardoso/.m2/repository/org/yaml/snakeyaml/2.3/snakeyaml-2.3.jar:/Users/rodrigocardoso/.m2/repository/org/springframework/boot/spring-boot-starter-json/3.4.4/spring-boot-starter-json-3.4.4.jar:/Users/rodrigocardoso/.m2/repository/com/fasterxml/jackson/datatype/jackson-datatype-jdk8/2.18.3/jackson-datatype-jdk8-2.18.3.jar:/Users/rodrigocardoso/.m2/repository/com/fasterxml/jackson/datatype/jackson-datatype-jsr310/2.18.3/jackson-datatype-jsr310-2.18.3.jar:/Users/rodrigocardoso/.m2/repository/com/fasterxml/jackson/module/jackson-module-parameter-names/2.18.3/jackson-module-parameter-names-2.18.3.jar:/Users/rodrigocardoso/.m2/repository/org/springframework/boot/spring-boot-starter-tomcat/3.4.4/spring-boot-starter-tomcat-3.4.4.jar:/Users/rodrigocardoso/.m2/repository/org/apache/tomcat/embed/tomcat-embed-core/10.1.39/tomcat-embed-core-10.1.39.jar:/Users/rodrigocardoso/.m2/repository/org/apache/tomcat/embed/tomcat-embed-el/10.1.39/tomcat-embed-el-10.1.39.jar:/Users/rodrigocardoso/.m2/repository/org/apache/tomcat/embed/tomcat-embed-websocket/10.1.39/tomcat-embed-websocket-10.1.39.jar:/Users/rodrigocardoso/.m2/repository/org/springframework/spring-web/6.2.5/spring-web-6.2.5.jar:/Users/rodrigocardoso/.m2/repository/org/springframework/spring-beans/6.2.5/spring-beans-6.2.5.jar:/Users/rodrigocardoso/.m2/repository/org/springframework/spring-webmvc/6.2.5/spring-webmvc-6.2.5.jar:/Users/rodrigocardoso/.m2/repository/org/springframework/spring-aop/6.2.5/spring-aop-6.2.5.jar:/Users/rodrigocardoso/.m2/repository/org/springframework/spring-context/6.2.5/spring-context-6.2.5.jar:/Users/rodrigocardoso/.m2/repository/org/springframework/spring-expression/6.2.5/spring-expression-6.2.5.jar:/Users/rodrigocardoso/.m2/repository/org/springframework/boot/spring-boot-starter-webflux/3.4.4/spring-boot-starter-webflux-3.4.4.jar:/Users/rodrigocardoso/.m2/repository/org/springframework/boot/spring-boot-starter-reactor-netty/3.4.4/spring-boot-starter-reactor-netty-3.4.4.jar:/Users/rodrigocardoso/.m2/repository/io/projectreactor/netty/reactor-netty-http/1.2.4/reactor-netty-http-1.2.4.jar:/Users/rodrigocardoso/.m2/repository/io/netty/netty-codec-http/4.1.119.Final/netty-codec-http-4.1.119.Final.jar:/Users/rodrigocardoso/.m2/repository/io/netty/netty-common/4.1.119.Final/netty-common-4.1.119.Final.jar:/Users/rodrigocardoso/.m2/repository/io/netty/netty-buffer/4.1.119.Final/netty-buffer-4.1.119.Final.jar:/Users/rodrigocardoso/.m2/repository/io/netty/netty-transport/4.1.119.Final/netty-transport-4.1.119.Final.jar:/Users/rodrigocardoso/.m2/repository/io/netty/netty-codec/4.1.119.Final/netty-codec-4.1.119.Final.jar:/Users/rodrigocardoso/.m2/repository/io/netty/netty-handler/4.1.119.Final/netty-handler-4.1.119.Final.jar:/Users/rodrigocardoso/.m2/repository/io/netty/netty-codec-http2/4.1.119.Final/netty-codec-http2-4.1.119.Final.jar:/Users/rodrigocardoso/.m2/repository/io/netty/netty-resolver-dns/4.1.119.Final/netty-resolver-dns-4.1.119.Final.jar:/Users/rodrigocardoso/.m2/repository/io/netty/netty-resolver/4.1.119.Final/netty-resolver-4.1.119.Final.jar:/Users/rodrigocardoso/.m2/repository/io/netty/netty-codec-dns/4.1.119.Final/netty-codec-dns-4.1.119.Final.jar:/Users/rodrigocardoso/.m2/repository/io/netty/netty-resolver-dns-native-macos/4.1.119.Final/netty-resolver-dns-native-macos-4.1.119.Final-osx-x86_64.jar:/Users/rodrigocardoso/.m2/repository/io/netty/netty-resolver-dns-classes-macos/4.1.119.Final/netty-resolver-dns-classes-macos-4.1.119.Final.jar:/Users/rodrigocardoso/.m2/repository/io/netty/netty-transport-native-epoll/4.1.119.Final/netty-transport-native-epoll-4.1.119.Final-linux-x86_64.jar:/Users/rodrigocardoso/.m2/repository/io/netty/netty-transport-native-unix-common/4.1.119.Final/netty-transport-native-unix-common-4.1.119.Final.jar:/Users/rodrigocardoso/.m2/repository/io/netty/netty-transport-classes-epoll/4.1.119.Final/netty-transport-classes-epoll-4.1.119.Final.jar:/Users/rodrigocardoso/.m2/repository/io/projectreactor/netty/reactor-netty-core/1.2.4/reactor-netty-core-1.2.4.jar:/Users/rodrigocardoso/.m2/repository/io/netty/netty-handler-proxy/4.1.119.Final/netty-handler-proxy-4.1.119.Final.jar:/Users/rodrigocardoso/.m2/repository/io/netty/netty-codec-socks/4.1.119.Final/netty-codec-socks-4.1.119.Final.jar:/Users/rodrigocardoso/.m2/repository/org/springframework/spring-webflux/6.2.5/spring-webflux-6.2.5.jar:/Users/rodrigocardoso/.m2/repository/com/fasterxml/jackson/module/jackson-module-kotlin/2.18.3/jackson-module-kotlin-2.18.3.jar:/Users/rodrigocardoso/.m2/repository/com/fasterxml/jackson/core/jackson-databind/2.18.3/jackson-databind-2.18.3.jar:/Users/rodrigocardoso/.m2/repository/com/fasterxml/jackson/core/jackson-core/2.18.3/jackson-core-2.18.3.jar:/Users/rodrigocardoso/.m2/repository/com/fasterxml/jackson/core/jackson-annotations/2.18.3/jackson-annotations-2.18.3.jar:/Users/rodrigocardoso/.m2/repository/org/jetbrains/kotlin/kotlin-reflect/1.9.25/kotlin-reflect-1.9.25.jar:/Users/rodrigocardoso/.m2/repository/org/jetbrains/kotlin/kotlin-stdlib/1.9.25/kotlin-stdlib-1.9.25.jar:/Users/rodrigocardoso/.m2/repository/org/jetbrains/annotations/13.0/annotations-13.0.jar:/Users/rodrigocardoso/.m2/repository/org/jetbrains/kotlinx/kotlinx-coroutines-core/1.8.0/kotlinx-coroutines-core-1.8.0.jar:/Users/rodrigocardoso/.m2/repository/org/jetbrains/kotlinx/kotlinx-coroutines-core-jvm/1.8.1/kotlinx-coroutines-core-jvm-1.8.1.jar:/Users/rodrigocardoso/.m2/repository/org/jetbrains/kotlinx/kotlinx-coroutines-reactor/1.8.0/kotlinx-coroutines-reactor-1.8.0.jar:/Users/rodrigocardoso/.m2/repository/io/projectreactor/reactor-core/3.7.4/reactor-core-3.7.4.jar:/Users/rodrigocardoso/.m2/repository/org/reactivestreams/reactive-streams/1.0.4/reactive-streams-1.0.4.jar:/Users/rodrigocardoso/.m2/repository/org/jetbrains/kotlinx/kotlinx-coroutines-reactive/1.8.1/kotlinx-coroutines-reactive-1.8.1.jar:/Users/rodrigocardoso/.m2/repository/org/springframework/boot/spring-boot-starter-cache/3.4.4/spring-boot-starter-cache-3.4.4.jar:/Users/rodrigocardoso/.m2/repository/org/springframework/spring-context-support/6.2.5/spring-context-support-6.2.5.jar:/Users/rodrigocardoso/.m2/repository/com/github/ben-manes/caffeine/caffeine/3.1.8/caffeine-3.1.8.jar:/Users/rodrigocardoso/.m2/repository/org/checkerframework/checker-qual/3.37.0/checker-qual-3.37.0.jar:/Users/rodrigocardoso/.m2/repository/com/google/errorprone/error_prone_annotations/2.21.1/error_prone_annotations-2.21.1.jar:/Users/rodrigocardoso/.m2/repository/io/github/resilience4j/resilience4j-spring-boot3/2.2.0/resilience4j-spring-boot3-2.2.0.jar:/Users/rodrigocardoso/.m2/repository/io/github/resilience4j/resilience4j-spring6/2.2.0/resilience4j-spring6-2.2.0.jar:/Users/rodrigocardoso/.m2/repository/io/github/resilience4j/resilience4j-annotations/2.2.0/resilience4j-annotations-2.2.0.jar:/Users/rodrigocardoso/.m2/repository/io/github/resilience4j/resilience4j-consumer/2.2.0/resilience4j-consumer-2.2.0.jar:/Users/rodrigocardoso/.m2/repository/io/github/resilience4j/resilience4j-circularbuffer/2.2.0/resilience4j-circularbuffer-2.2.0.jar:/Users/rodrigocardoso/.m2/repository/io/github/resilience4j/resilience4j-framework-common/2.2.0/resilience4j-framework-common-2.2.0.jar:/Users/rodrigocardoso/.m2/repository/org/slf4j/slf4j-api/2.0.17/slf4j-api-2.0.17.jar:/Users/rodrigocardoso/.m2/repository/io/github/resilience4j/resilience4j-micrometer/2.2.0/resilience4j-micrometer-2.2.0.jar:/Users/rodrigocardoso/.m2/repository/io/micrometer/micrometer-core/1.14.5/micrometer-core-1.14.5.jar:/Users/rodrigocardoso/.m2/repository/org/hdrhistogram/HdrHistogram/2.2.2/HdrHistogram-2.2.2.jar:/Users/rodrigocardoso/.m2/repository/org/latencyutils/LatencyUtils/2.0.3/LatencyUtils-2.0.3.jar:/Users/rodrigocardoso/.m2/repository/io/github/resilience4j/resilience4j-kotlin/2.2.0/resilience4j-kotlin-2.2.0.jar:/Users/rodrigocardoso/.m2/repository/org/jetbrains/kotlin/kotlin-stdlib-jdk8/1.9.25/kotlin-stdlib-jdk8-1.9.25.jar:/Users/rodrigocardoso/.m2/repository/org/jetbrains/kotlin/kotlin-stdlib-jdk7/1.9.25/kotlin-stdlib-jdk7-1.9.25.jar:/Users/rodrigocardoso/.m2/repository/io/github/resilience4j/resilience4j-reactor/2.2.0/resilience4j-reactor-2.2.0.jar:/Users/rodrigocardoso/.m2/repository/io/github/resilience4j/resilience4j-circuitbreaker/2.2.0/resilience4j-circuitbreaker-2.2.0.jar:/Users/rodrigocardoso/.m2/repository/io/github/resilience4j/resilience4j-core/2.2.0/resilience4j-core-2.2.0.jar:/Users/rodrigocardoso/.m2/repository/io/github/resilience4j/resilience4j-ratelimiter/2.2.0/resilience4j-ratelimiter-2.2.0.jar:/Users/rodrigocardoso/.m2/repository/io/github/resilience4j/resilience4j-timelimiter/2.2.0/resilience4j-timelimiter-2.2.0.jar:/Users/rodrigocardoso/.m2/repository/io/github/resilience4j/resilience4j-bulkhead/2.2.0/resilience4j-bulkhead-2.2.0.jar:/Users/rodrigocardoso/.m2/repository/io/github/resilience4j/resilience4j-retry/2.2.0/resilience4j-retry-2.2.0.jar:/Users/rodrigocardoso/.m2/repository/org/springframework/boot/spring-boot-starter-actuator/3.4.4/spring-boot-starter-actuator-3.4.4.jar:/Users/rodrigocardoso/.m2/repository/org/springframework/boot/spring-boot-actuator-autoconfigure/3.4.4/spring-boot-actuator-autoconfigure-3.4.4.jar:/Users/rodrigocardoso/.m2/repository/org/springframework/boot/spring-boot-actuator/3.4.4/spring-boot-actuator-3.4.4.jar:/Users/rodrigocardoso/.m2/repository/io/micrometer/micrometer-observation/1.14.5/micrometer-observation-1.14.5.jar:/Users/rodrigocardoso/.m2/repository/io/micrometer/micrometer-commons/1.14.5/micrometer-commons-1.14.5.jar:/Users/rodrigocardoso/.m2/repository/io/micrometer/micrometer-jakarta9/1.14.5/micrometer-jakarta9-1.14.5.jar:/Users/rodrigocardoso/.m2/repository/org/springframework/boot/spring-boot-starter-test/3.4.4/spring-boot-starter-test-3.4.4.jar:/Users/rodrigocardoso/.m2/repository/org/springframework/boot/spring-boot-test/3.4.4/spring-boot-test-3.4.4.jar:/Users/rodrigocardoso/.m2/repository/org/springframework/boot/spring-boot-test-autoconfigure/3.4.4/spring-boot-test-autoconfigure-3.4.4.jar:/Users/rodrigocardoso/.m2/repository/com/jayway/jsonpath/json-path/2.9.0/json-path-2.9.0.jar:/Users/rodrigocardoso/.m2/repository/jakarta/xml/bind/jakarta.xml.bind-api/4.0.2/jakarta.xml.bind-api-4.0.2.jar:/Users/rodrigocardoso/.m2/repository/jakarta/activation/jakarta.activation-api/2.1.3/jakarta.activation-api-2.1.3.jar:/Users/rodrigocardoso/.m2/repository/net/minidev/json-smart/2.5.2/json-smart-2.5.2.jar:/Users/rodrigocardoso/.m2/repository/net/minidev/accessors-smart/2.5.2/accessors-smart-2.5.2.jar:/Users/rodrigocardoso/.m2/repository/org/ow2/asm/asm/9.7.1/asm-9.7.1.jar:/Users/rodrigocardoso/.m2/repository/org/assertj/assertj-core/3.26.3/assertj-core-3.26.3.jar:/Users/rodrigocardoso/.m2/repository/net/bytebuddy/byte-buddy/1.15.11/byte-buddy-1.15.11.jar:/Users/rodrigocardoso/.m2/repository/org/awaitility/awaitility/4.2.2/awaitility-4.2.2.jar:/Users/rodrigocardoso/.m2/repository/org/hamcrest/hamcrest/2.2/hamcrest-2.2.jar:/Users/rodrigocardoso/.m2/repository/org/junit/jupiter/junit-jupiter/5.11.4/junit-jupiter-5.11.4.jar:/Users/rodrigocardoso/.m2/repository/org/junit/jupiter/junit-jupiter-params/5.11.4/junit-jupiter-params-5.11.4.jar:/Users/rodrigocardoso/.m2/repository/org/mockito/mockito-core/5.14.2/mockito-core-5.14.2.jar:/Users/rodrigocardoso/.m2/repository/net/bytebuddy/byte-buddy-agent/1.15.11/byte-buddy-agent-1.15.11.jar:/Users/rodrigocardoso/.m2/repository/org/objenesis/objenesis/3.3/objenesis-3.3.jar:/Users/rodrigocardoso/.m2/repository/org/mockito/mockito-junit-jupiter/5.14.2/mockito-junit-jupiter-5.14.2.jar:/Users/rodrigocardoso/.m2/repository/org/skyscreamer/jsonassert/1.5.3/jsonassert-1.5.3.jar:/Users/rodrigocardoso/.m2/repository/com/vaadin/external/google/android-json/0.0.20131108.vaadin1/android-json-0.0.20131108.vaadin1.jar:/Users/rodrigocardoso/.m2/repository/org/springframework/spring-core/6.2.5/spring-core-6.2.5.jar:/Users/rodrigocardoso/.m2/repository/org/springframework/spring-jcl/6.2.5/spring-jcl-6.2.5.jar:/Users/rodrigocardoso/.m2/repository/org/springframework/spring-test/6.2.5/spring-test-6.2.5.jar:/Users/rodrigocardoso/.m2/repository/org/xmlunit/xmlunit-core/2.10.0/xmlunit-core-2.10.0.jar:/Users/rodrigocardoso/.m2/repository/org/jetbrains/kotlin/kotlin-test-junit5/1.9.25/kotlin-test-junit5-1.9.25.jar:/Users/rodrigocardoso/.m2/repository/org/jetbrains/kotlin/kotlin-test/1.9.25/kotlin-test-1.9.25.jar:/Users/rodrigocardoso/.m2/repository/org/junit/jupiter/junit-jupiter-api/5.11.4/junit-jupiter-api-5.11.4.jar:/Users/rodrigocardoso/.m2/repository/org/opentest4j/opentest4j/1.3.0/opentest4j-1.3.0.jar:/Users/rodrigocardoso/.m2/repository/org/junit/platform/junit-platform-commons/1.11.4/junit-platform-commons-1.11.4.jar:/Users/rodrigocardoso/.m2/repository/org/apiguardian/apiguardian-api/1.1.2/apiguardian-api-1.1.2.jar:/Users/rodrigocardoso/.m2/repository/org/junit/jupiter/junit-jupiter-engine/5.11.4/junit-jupiter-engine-5.11.4.jar:/Users/rodrigocardoso/.m2/repository/org/junit/platform/junit-platform-engine/1.11.4/junit-platform-engine-1.11.4.jar:/Users/rodrigocardoso/.m2/repository/org/jetbrains/kotlinx/kotlinx-coroutines-test/1.8.0/kotlinx-coroutines-test-1.8.0.jar:/Users/rodrigocardoso/.m2/repository/org/jetbrains/kotlinx/kotlinx-coroutines-test-jvm/1.8.1/kotlinx-coroutines-test-jvm-1.8.1.jar:/Users/rodrigocardoso/.m2/repository/io/mockk/mockk/1.13.11/mockk-1.13.11.jar:/Users/rodrigocardoso/.m2/repository/io/mockk/mockk-dsl/1.13.11/mockk-dsl-1.13.11.jar:/Users/rodrigocardoso/.m2/repository/io/mockk/mockk-agent/1.13.11/mockk-agent-1.13.11.jar:/Users/rodrigocardoso/.m2/repository/io/mockk/mockk-agent-api/1.13.11/mockk-agent-api-1.13.11.jar:/Users/rodrigocardoso/.m2/repository/io/mockk/mockk-core/1.13.11/mockk-core-1.13.11.jar:/Users/rodrigocardoso/.m2/repository/org/jetbrains/kotlin/kotlin-stdlib-common/1.9.25/kotlin-stdlib-common-1.9.25.jar:/Users/rodrigocardoso/.m2/repository/org/mockito/kotlin/mockito-kotlin/5.2.1/mockito-kotlin-5.2.1.jar:/Users/rodrigocardoso/.m2/repository/io/projectreactor/reactor-test/3.7.4/reactor-test-3.7.4.jar:/Users/rodrigocardoso/.m2/repository/com/squareup/okhttp3/mockwebserver/4.12.0/mockwebserver-4.12.0.jar:/Users/rodrigocardoso/.m2/repository/com/squareup/okhttp3/okhttp/4.12.0/okhttp-4.12.0.jar:/Users/rodrigocardoso/.m2/repository/com/squareup/okio/okio/3.6.0/okio-3.6.0.jar:/Users/rodrigocardoso/.m2/repository/com/squareup/okio/okio-jvm/3.6.0/okio-jvm-3.6.0.jar:/Users/rodrigocardoso/.m2/repository/junit/junit/4.13.2/junit-4.13.2.jar:/Users/rodrigocardoso/.m2/repository/org/hamcrest/hamcrest-core/2.2/hamcrest-core-2.2.jar:"/>
    <property name="sun.cpu.endian" value="little"/>
    <property name="user.home" value="/Users/rodrigocardoso"/>
    <property name="user.language" value="pt"/>
    <property name="java.specification.vendor" value="Oracle Corporation"/>
    <property name="java.version.date" value="2025-01-21"/>
    <property name="java.home" value="/opt/homebrew/Cellar/openjdk/23.0.2/libexec/openjdk.jdk/Contents/Home"/>
    <property name="file.separator" value="/"/>
    <property name="basedir" value="/Users/rodrigocardoso/Documents/ops-anime-universe-api"/>
    <property name="java.vm.compressedOopsMode" value="Zero based"/>
    <property name="line.separator" value="&#10;"/>
    <property name="java.vm.specification.vendor" value="Oracle Corporation"/>
    <property name="java.specification.name" value="Java Platform API Specification"/>
    <property name="FILE_LOG_CHARSET" value="UTF-8"/>
    <property name="java.awt.headless" value="true"/>
    <property name="apple.awt.application.name" value="ForkedBooter"/>
    <property name="surefire.real.class.path" value="/Users/rodrigocardoso/Documents/ops-anime-universe-api/target/surefire/surefirebooter-20250329213836817_3.jar"/>
    <property name="sun.management.compiler" value="HotSpot 64-Bit Tiered Compilers"/>
    <property name="ftp.nonProxyHosts" value="local|*.local|169.254/16|*.169.254/16"/>
    <property name="java.runtime.version" value="23.0.2"/>
    <property name="user.name" value="rodrigocardoso"/>
    <property name="stdout.encoding" value="UTF-8"/>
    <property name="path.separator" value=":"/>
    <property name="os.version" value="15.3.2"/>
    <property name="java.runtime.name" value="OpenJDK Runtime Environment"/>
    <property name="file.encoding" value="UTF-8"/>
    <property name="java.vm.name" value="OpenJDK 64-Bit Server VM"/>
    <property name="java.vendor.version" value="Homebrew"/>
    <property name="localRepository" value="/Users/rodrigocardoso/.m2/repository"/>
    <property name="java.vendor.url.bug" value="https://github.com/Homebrew/homebrew-core/issues"/>
    <property name="java.io.tmpdir" value="/var/folders/3q/40f00rx90v3glkn13lyt7tmc0000gn/T/"/>
    <property name="java.version" value="23.0.2"/>
    <property name="user.dir" value="/Users/rodrigocardoso/Documents/ops-anime-universe-api"/>
    <property name="os.arch" value="aarch64"/>
    <property name="java.vm.specification.name" value="Java Virtual Machine Specification"/>
    <property name="PID" value="40926"/>
    <property name="CONSOLE_LOG_CHARSET" value="UTF-8"/>
    <property name="native.encoding" value="UTF-8"/>
    <property name="java.library.path" value="/Users/rodrigocardoso/Library/Java/Extensions:/Library/Java/Extensions:/Network/Library/Java/Extensions:/System/Library/Java/Extensions:/usr/lib/java:."/>
    <property name="java.vm.info" value="mixed mode, sharing"/>
    <property name="stderr.encoding" value="UTF-8"/>
    <property name="java.vendor" value="Homebrew"/>
    <property name="java.vm.version" value="23.0.2"/>
    <property name="sun.io.unicode.encoding" value="UnicodeBig"/>
    <property name="socksNonProxyHosts" value="local|*.local|169.254/16|*.169.254/16"/>
    <property name="java.class.version" value="67.0"/>
  </properties>
  <testcase name="extractIdFromUrl should extract ID correctly from valid URL" classname="com.devcorp.ops_anime_universe_api.domain.service.PokemonCharacterServiceTest" time="0.038"/>
  <testcase name="getUniverse should return POKEMON" classname="com.devcorp.ops_anime_universe_api.domain.service.PokemonCharacterServiceTest" time="0.0"/>
  <testcase name="getCharacters should handle API error for detail request" classname="com.devcorp.ops_anime_universe_api.domain.service.PokemonCharacterServiceTest" time="0.007">
    <system-out><![CDATA[2025-03-29T21:38:43.515-03:00  INFO 40926 --- [test runner#135] c.d.o.d.service.PokemonCharacterService  : Buscando pokémons na página 0 (offset 0) com tamanho 10
2025-03-29T21:38:43.517-03:00  WARN 40926 --- [ @coroutine#136] c.d.o.d.service.PokemonCharacterService  : Erro ao buscar detalhes do pokémon bulbasaur, usando informações básicas

java.lang.RuntimeException: API error
	at com.devcorp.ops_anime_universe_api.domain.service.PokemonCharacterService$getCharacters$2$1$1.invokeSuspend(PokemonCharacterService.kt:52) ~[classes/:na]
	at kotlin.coroutines.jvm.internal.BaseContinuationImpl.resumeWith(ContinuationImpl.kt:33) ~[kotlin-stdlib-1.9.25.jar:1.9.25-release-852]
	at kotlinx.coroutines.DispatchedTask.run(DispatchedTask.kt:104) ~[kotlinx-coroutines-core-jvm-1.8.1.jar:na]
	at kotlinx.coroutines.internal.LimitedDispatcher$Worker.run(LimitedDispatcher.kt:111) ~[kotlinx-coroutines-core-jvm-1.8.1.jar:na]
	at kotlinx.coroutines.scheduling.TaskImpl.run(Tasks.kt:99) ~[kotlinx-coroutines-core-jvm-1.8.1.jar:na]
	at kotlinx.coroutines.scheduling.CoroutineScheduler.runSafely(CoroutineScheduler.kt:584) ~[kotlinx-coroutines-core-jvm-1.8.1.jar:na]
	at kotlinx.coroutines.scheduling.CoroutineScheduler$Worker.executeTask(CoroutineScheduler.kt:811) ~[kotlinx-coroutines-core-jvm-1.8.1.jar:na]
	at kotlinx.coroutines.scheduling.CoroutineScheduler$Worker.runWorker(CoroutineScheduler.kt:715) ~[kotlinx-coroutines-core-jvm-1.8.1.jar:na]
	at kotlinx.coroutines.scheduling.CoroutineScheduler$Worker.run(CoroutineScheduler.kt:702) ~[kotlinx-coroutines-core-jvm-1.8.1.jar:na]

]]></system-out>
  </testcase>
  <testcase name="extractIdFromUrl should return 0 for invalid URL" classname="com.devcorp.ops_anime_universe_api.domain.service.PokemonCharacterServiceTest" time="0.002"/>
  <testcase name="isAvailable should return client availability" classname="com.devcorp.ops_anime_universe_api.domain.service.PokemonCharacterServiceTest" time="0.004"/>
  <testcase name="getCharacters should handle empty API response" classname="com.devcorp.ops_anime_universe_api.domain.service.PokemonCharacterServiceTest" time="0.003">
    <system-out><![CDATA[2025-03-29T21:38:43.529-03:00  INFO 40926 --- [test runner#142] c.d.o.d.service.PokemonCharacterService  : Buscando pokémons na página 0 (offset 0) com tamanho 10
2025-03-29T21:38:43.529-03:00  INFO 40926 --- [test runner#142] c.d.o.d.service.PokemonCharacterService  : Nenhum pokémon encontrado na página 0
]]></system-out>
  </testcase>
  <testcase name="getCharacters should handle negative page and size values" classname="com.devcorp.ops_anime_universe_api.domain.service.PokemonCharacterServiceTest" time="0.003">
    <system-out><![CDATA[2025-03-29T21:38:43.532-03:00  INFO 40926 --- [test runner#144] c.d.o.d.service.PokemonCharacterService  : Buscando pokémons na página 0 (offset 0) com tamanho 1
]]></system-out>
  </testcase>
  <testcase name="getCharacters should handle API error for list request" classname="com.devcorp.ops_anime_universe_api.domain.service.PokemonCharacterServiceTest" time="0.003">
    <system-out><![CDATA[2025-03-29T21:38:43.536-03:00  INFO 40926 --- [test runner#147] c.d.o.d.service.PokemonCharacterService  : Buscando pokémons na página 0 (offset 0) com tamanho 10
2025-03-29T21:38:43.536-03:00 ERROR 40926 --- [test runner#147] c.d.o.d.service.PokemonCharacterService  : Erro ao buscar lista de pokémons, retornando lista vazia

java.lang.RuntimeException: API error
	at com.devcorp.ops_anime_universe_api.domain.service.PokemonCharacterService.getCharacters$suspendImpl(PokemonCharacterService.kt:37) ~[classes/:na]
	at com.devcorp.ops_anime_universe_api.domain.service.PokemonCharacterService.getCharacters(PokemonCharacterService.kt) ~[classes/:na]
	at com.devcorp.ops_anime_universe_api.domain.service.PokemonCharacterServiceTest$getCharacters should handle API error for list request$1.invokeSuspend(PokemonCharacterServiceTest.kt:153) ~[test-classes/:na]
	at com.devcorp.ops_anime_universe_api.domain.service.PokemonCharacterServiceTest$getCharacters should handle API error for list request$1.invoke(PokemonCharacterServiceTest.kt) ~[test-classes/:na]
	at com.devcorp.ops_anime_universe_api.domain.service.PokemonCharacterServiceTest$getCharacters should handle API error for list request$1.invoke(PokemonCharacterServiceTest.kt) ~[test-classes/:na]
	at kotlinx.coroutines.test.TestBuildersKt__TestBuildersKt$runTest$2$1$1.invokeSuspend(TestBuilders.kt:316) ~[kotlinx-coroutines-test-jvm-1.8.1.jar:na]
	at kotlin.coroutines.jvm.internal.BaseContinuationImpl.resumeWith(ContinuationImpl.kt:33) ~[kotlin-stdlib-1.9.25.jar:1.9.25-release-852]
	at kotlinx.coroutines.DispatchedTask.run(DispatchedTask.kt:104) ~[kotlinx-coroutines-core-jvm-1.8.1.jar:na]
	at kotlinx.coroutines.test.TestDispatcher.processEvent$kotlinx_coroutines_test(TestDispatcher.kt:24) ~[kotlinx-coroutines-test-jvm-1.8.1.jar:na]
	at kotlinx.coroutines.test.TestCoroutineScheduler.tryRunNextTaskUnless$kotlinx_coroutines_test(TestCoroutineScheduler.kt:99) ~[kotlinx-coroutines-test-jvm-1.8.1.jar:na]
	at kotlinx.coroutines.test.TestBuildersKt__TestBuildersKt$runTest$2$1$workRunner$1.invokeSuspend(TestBuilders.kt:322) ~[kotlinx-coroutines-test-jvm-1.8.1.jar:na]
	at kotlin.coroutines.jvm.internal.BaseContinuationImpl.resumeWith(ContinuationImpl.kt:33) ~[kotlin-stdlib-1.9.25.jar:1.9.25-release-852]
	at kotlinx.coroutines.DispatchedTask.run(DispatchedTask.kt:104) ~[kotlinx-coroutines-core-jvm-1.8.1.jar:na]
	at kotlinx.coroutines.EventLoopImplBase.processNextEvent(EventLoop.common.kt:277) ~[kotlinx-coroutines-core-jvm-1.8.1.jar:na]
	at kotlinx.coroutines.BlockingCoroutine.joinBlocking(Builders.kt:95) ~[kotlinx-coroutines-core-jvm-1.8.1.jar:na]
	at kotlinx.coroutines.BuildersKt__BuildersKt.runBlocking(Builders.kt:69) ~[kotlinx-coroutines-core-jvm-1.8.1.jar:na]
	at kotlinx.coroutines.BuildersKt.runBlocking(Unknown Source) ~[kotlinx-coroutines-core-jvm-1.8.1.jar:na]
	at kotlinx.coroutines.BuildersKt__BuildersKt.runBlocking$default(Builders.kt:48) ~[kotlinx-coroutines-core-jvm-1.8.1.jar:na]
	at kotlinx.coroutines.BuildersKt.runBlocking$default(Unknown Source) ~[kotlinx-coroutines-core-jvm-1.8.1.jar:na]
	at kotlinx.coroutines.test.TestBuildersJvmKt.createTestResult(TestBuildersJvm.kt:10) ~[kotlinx-coroutines-test-jvm-1.8.1.jar:na]
	at kotlinx.coroutines.test.TestBuildersKt__TestBuildersKt.runTest-8Mi8wO0(TestBuilders.kt:310) ~[kotlinx-coroutines-test-jvm-1.8.1.jar:na]
	at kotlinx.coroutines.test.TestBuildersKt.runTest-8Mi8wO0(Unknown Source) ~[kotlinx-coroutines-test-jvm-1.8.1.jar:na]
	at kotlinx.coroutines.test.TestBuildersKt__TestBuildersKt.runTest-8Mi8wO0$default(TestBuilders.kt:305) ~[kotlinx-coroutines-test-jvm-1.8.1.jar:na]
	at kotlinx.coroutines.test.TestBuildersKt.runTest-8Mi8wO0$default(Unknown Source) ~[kotlinx-coroutines-test-jvm-1.8.1.jar:na]
	at com.devcorp.ops_anime_universe_api.domain.service.PokemonCharacterServiceTest.getCharacters should handle API error for list request(PokemonCharacterServiceTest.kt:147) ~[test-classes/:na]
	at java.base/jdk.internal.reflect.DirectMethodHandleAccessor.invoke(DirectMethodHandleAccessor.java:103) ~[na:na]
	at java.base/java.lang.reflect.Method.invoke(Method.java:580) ~[na:na]
	at org.junit.platform.commons.util.ReflectionUtils.invokeMethod(ReflectionUtils.java:767) ~[junit-platform-commons-1.11.4.jar:1.11.4]
	at org.junit.jupiter.engine.execution.MethodInvocation.proceed(MethodInvocation.java:60) ~[junit-jupiter-engine-5.11.4.jar:5.11.4]
	at org.junit.jupiter.engine.execution.InvocationInterceptorChain$ValidatingInvocation.proceed(InvocationInterceptorChain.java:131) ~[junit-jupiter-engine-5.11.4.jar:5.11.4]
	at org.junit.jupiter.engine.extension.TimeoutExtension.intercept(TimeoutExtension.java:156) ~[junit-jupiter-engine-5.11.4.jar:5.11.4]
	at org.junit.jupiter.engine.extension.TimeoutExtension.interceptTestableMethod(TimeoutExtension.java:147) ~[junit-jupiter-engine-5.11.4.jar:5.11.4]
	at org.junit.jupiter.engine.extension.TimeoutExtension.interceptTestMethod(TimeoutExtension.java:86) ~[junit-jupiter-engine-5.11.4.jar:5.11.4]
	at org.junit.jupiter.engine.execution.InterceptingExecutableInvoker$ReflectiveInterceptorCall.lambda$ofVoidMethod$0(InterceptingExecutableInvoker.java:103) ~[junit-jupiter-engine-5.11.4.jar:5.11.4]
	at org.junit.jupiter.engine.execution.InterceptingExecutableInvoker.lambda$invoke$0(InterceptingExecutableInvoker.java:93) ~[junit-jupiter-engine-5.11.4.jar:5.11.4]
	at org.junit.jupiter.engine.execution.InvocationInterceptorChain$InterceptedInvocation.proceed(InvocationInterceptorChain.java:106) ~[junit-jupiter-engine-5.11.4.jar:5.11.4]
	at org.junit.jupiter.engine.execution.InvocationInterceptorChain.proceed(InvocationInterceptorChain.java:64) ~[junit-jupiter-engine-5.11.4.jar:5.11.4]
	at org.junit.jupiter.engine.execution.InvocationInterceptorChain.chainAndInvoke(InvocationInterceptorChain.java:45) ~[junit-jupiter-engine-5.11.4.jar:5.11.4]
	at org.junit.jupiter.engine.execution.InvocationInterceptorChain.invoke(InvocationInterceptorChain.java:37) ~[junit-jupiter-engine-5.11.4.jar:5.11.4]
	at org.junit.jupiter.engine.execution.InterceptingExecutableInvoker.invoke(InterceptingExecutableInvoker.java:92) ~[junit-jupiter-engine-5.11.4.jar:5.11.4]
	at org.junit.jupiter.engine.execution.InterceptingExecutableInvoker.invoke(InterceptingExecutableInvoker.java:86) ~[junit-jupiter-engine-5.11.4.jar:5.11.4]
	at org.junit.jupiter.engine.descriptor.TestMethodTestDescriptor.lambda$invokeTestMethod$8(TestMethodTestDescriptor.java:217) ~[junit-jupiter-engine-5.11.4.jar:5.11.4]
	at org.junit.platform.engine.support.hierarchical.ThrowableCollector.execute(ThrowableCollector.java:73) ~[junit-platform-engine-1.11.4.jar:1.11.4]
	at org.junit.jupiter.engine.descriptor.TestMethodTestDescriptor.invokeTestMethod(TestMethodTestDescriptor.java:213) ~[junit-jupiter-engine-5.11.4.jar:5.11.4]
	at org.junit.jupiter.engine.descriptor.TestMethodTestDescriptor.execute(TestMethodTestDescriptor.java:138) ~[junit-jupiter-engine-5.11.4.jar:5.11.4]
	at org.junit.jupiter.engine.descriptor.TestMethodTestDescriptor.execute(TestMethodTestDescriptor.java:68) ~[junit-jupiter-engine-5.11.4.jar:5.11.4]
	at org.junit.platform.engine.support.hierarchical.NodeTestTask.lambda$executeRecursively$6(NodeTestTask.java:156) ~[junit-platform-engine-1.11.4.jar:1.11.4]
	at org.junit.platform.engine.support.hierarchical.ThrowableCollector.execute(ThrowableCollector.java:73) ~[junit-platform-engine-1.11.4.jar:1.11.4]
	at org.junit.platform.engine.support.hierarchical.NodeTestTask.lambda$executeRecursively$8(NodeTestTask.java:146) ~[junit-platform-engine-1.11.4.jar:1.11.4]
	at org.junit.platform.engine.support.hierarchical.Node.around(Node.java:137) ~[junit-platform-engine-1.11.4.jar:1.11.4]
	at org.junit.platform.engine.support.hierarchical.NodeTestTask.lambda$executeRecursively$9(NodeTestTask.java:144) ~[junit-platform-engine-1.11.4.jar:1.11.4]
	at org.junit.platform.engine.support.hierarchical.ThrowableCollector.execute(ThrowableCollector.java:73) ~[junit-platform-engine-1.11.4.jar:1.11.4]
	at org.junit.platform.engine.support.hierarchical.NodeTestTask.executeRecursively(NodeTestTask.java:143) ~[junit-platform-engine-1.11.4.jar:1.11.4]
	at org.junit.platform.engine.support.hierarchical.NodeTestTask.execute(NodeTestTask.java:100) ~[junit-platform-engine-1.11.4.jar:1.11.4]
	at java.base/java.util.ArrayList.forEach(ArrayList.java:1597) ~[na:na]
	at org.junit.platform.engine.support.hierarchical.SameThreadHierarchicalTestExecutorService.invokeAll(SameThreadHierarchicalTestExecutorService.java:41) ~[junit-platform-engine-1.11.4.jar:1.11.4]
	at org.junit.platform.engine.support.hierarchical.NodeTestTask.lambda$executeRecursively$6(NodeTestTask.java:160) ~[junit-platform-engine-1.11.4.jar:1.11.4]
	at org.junit.platform.engine.support.hierarchical.ThrowableCollector.execute(ThrowableCollector.java:73) ~[junit-platform-engine-1.11.4.jar:1.11.4]
	at org.junit.platform.engine.support.hierarchical.NodeTestTask.lambda$executeRecursively$8(NodeTestTask.java:146) ~[junit-platform-engine-1.11.4.jar:1.11.4]
	at org.junit.platform.engine.support.hierarchical.Node.around(Node.java:137) ~[junit-platform-engine-1.11.4.jar:1.11.4]
	at org.junit.platform.engine.support.hierarchical.NodeTestTask.lambda$executeRecursively$9(NodeTestTask.java:144) ~[junit-platform-engine-1.11.4.jar:1.11.4]
	at org.junit.platform.engine.support.hierarchical.ThrowableCollector.execute(ThrowableCollector.java:73) ~[junit-platform-engine-1.11.4.jar:1.11.4]
	at org.junit.platform.engine.support.hierarchical.NodeTestTask.executeRecursively(NodeTestTask.java:143) ~[junit-platform-engine-1.11.4.jar:1.11.4]
	at org.junit.platform.engine.support.hierarchical.NodeTestTask.execute(NodeTestTask.java:100) ~[junit-platform-engine-1.11.4.jar:1.11.4]
	at java.base/java.util.ArrayList.forEach(ArrayList.java:1597) ~[na:na]
	at org.junit.platform.engine.support.hierarchical.SameThreadHierarchicalTestExecutorService.invokeAll(SameThreadHierarchicalTestExecutorService.java:41) ~[junit-platform-engine-1.11.4.jar:1.11.4]
	at org.junit.platform.engine.support.hierarchical.NodeTestTask.lambda$executeRecursively$6(NodeTestTask.java:160) ~[junit-platform-engine-1.11.4.jar:1.11.4]
	at org.junit.platform.engine.support.hierarchical.ThrowableCollector.execute(ThrowableCollector.java:73) ~[junit-platform-engine-1.11.4.jar:1.11.4]
	at org.junit.platform.engine.support.hierarchical.NodeTestTask.lambda$executeRecursively$8(NodeTestTask.java:146) ~[junit-platform-engine-1.11.4.jar:1.11.4]
	at org.junit.platform.engine.support.hierarchical.Node.around(Node.java:137) ~[junit-platform-engine-1.11.4.jar:1.11.4]
	at org.junit.platform.engine.support.hierarchical.NodeTestTask.lambda$executeRecursively$9(NodeTestTask.java:144) ~[junit-platform-engine-1.11.4.jar:1.11.4]
	at org.junit.platform.engine.support.hierarchical.ThrowableCollector.execute(ThrowableCollector.java:73) ~[junit-platform-engine-1.11.4.jar:1.11.4]
	at org.junit.platform.engine.support.hierarchical.NodeTestTask.executeRecursively(NodeTestTask.java:143) ~[junit-platform-engine-1.11.4.jar:1.11.4]
	at org.junit.platform.engine.support.hierarchical.NodeTestTask.execute(NodeTestTask.java:100) ~[junit-platform-engine-1.11.4.jar:1.11.4]
	at org.junit.platform.engine.support.hierarchical.SameThreadHierarchicalTestExecutorService.submit(SameThreadHierarchicalTestExecutorService.java:35) ~[junit-platform-engine-1.11.4.jar:1.11.4]
	at org.junit.platform.engine.support.hierarchical.HierarchicalTestExecutor.execute(HierarchicalTestExecutor.java:57) ~[junit-platform-engine-1.11.4.jar:1.11.4]
	at org.junit.platform.engine.support.hierarchical.HierarchicalTestEngine.execute(HierarchicalTestEngine.java:54) ~[junit-platform-engine-1.11.4.jar:1.11.4]
	at org.junit.platform.launcher.core.EngineExecutionOrchestrator.execute(EngineExecutionOrchestrator.java:198) ~[junit-platform-launcher-1.11.4.jar:1.11.4]
	at org.junit.platform.launcher.core.EngineExecutionOrchestrator.execute(EngineExecutionOrchestrator.java:169) ~[junit-platform-launcher-1.11.4.jar:1.11.4]
	at org.junit.platform.launcher.core.EngineExecutionOrchestrator.execute(EngineExecutionOrchestrator.java:93) ~[junit-platform-launcher-1.11.4.jar:1.11.4]
	at org.junit.platform.launcher.core.EngineExecutionOrchestrator.lambda$execute$0(EngineExecutionOrchestrator.java:58) ~[junit-platform-launcher-1.11.4.jar:1.11.4]
	at org.junit.platform.launcher.core.EngineExecutionOrchestrator.withInterceptedStreams(EngineExecutionOrchestrator.java:141) ~[junit-platform-launcher-1.11.4.jar:1.11.4]
	at org.junit.platform.launcher.core.EngineExecutionOrchestrator.execute(EngineExecutionOrchestrator.java:57) ~[junit-platform-launcher-1.11.4.jar:1.11.4]
	at org.junit.platform.launcher.core.DefaultLauncher.execute(DefaultLauncher.java:103) ~[junit-platform-launcher-1.11.4.jar:1.11.4]
	at org.junit.platform.launcher.core.DefaultLauncher.execute(DefaultLauncher.java:85) ~[junit-platform-launcher-1.11.4.jar:1.11.4]
	at org.junit.platform.launcher.core.DelegatingLauncher.execute(DelegatingLauncher.java:47) ~[junit-platform-launcher-1.11.4.jar:1.11.4]
	at org.apache.maven.surefire.junitplatform.LazyLauncher.execute(LazyLauncher.java:56) ~[surefire-junit-platform-3.5.2.jar:3.5.2]
	at org.apache.maven.surefire.junitplatform.JUnitPlatformProvider.execute(JUnitPlatformProvider.java:184) ~[surefire-junit-platform-3.5.2.jar:3.5.2]
	at org.apache.maven.surefire.junitplatform.JUnitPlatformProvider.invokeAllTests(JUnitPlatformProvider.java:148) ~[surefire-junit-platform-3.5.2.jar:3.5.2]
	at org.apache.maven.surefire.junitplatform.JUnitPlatformProvider.invoke(JUnitPlatformProvider.java:122) ~[surefire-junit-platform-3.5.2.jar:3.5.2]
	at org.apache.maven.surefire.booter.ForkedBooter.runSuitesInProcess(ForkedBooter.java:385) ~[surefire-booter-3.5.2.jar:3.5.2]
	at org.apache.maven.surefire.booter.ForkedBooter.execute(ForkedBooter.java:162) ~[surefire-booter-3.5.2.jar:3.5.2]
	at org.apache.maven.surefire.booter.ForkedBooter.run(ForkedBooter.java:507) ~[surefire-booter-3.5.2.jar:3.5.2]
	at org.apache.maven.surefire.booter.ForkedBooter.main(ForkedBooter.java:495) ~[surefire-booter-3.5.2.jar:3.5.2]

]]></system-out>
  </testcase>
  <testcase name="getCharacters should map API response to domain model" classname="com.devcorp.ops_anime_universe_api.domain.service.PokemonCharacterServiceTest" time="0.003">
    <system-out><![CDATA[2025-03-29T21:38:43.540-03:00  INFO 40926 --- [test runner#149] c.d.o.d.service.PokemonCharacterService  : Buscando pokémons na página 0 (offset 0) com tamanho 10
]]></system-out>
  </testcase>
  <testcase name="isAvailable should handle client errors" classname="com.devcorp.ops_anime_universe_api.domain.service.PokemonCharacterServiceTest" time="0.004">
    <system-out><![CDATA[2025-03-29T21:38:43.544-03:00 ERROR 40926 --- [atcher-worker-5] c.d.o.d.service.PokemonCharacterService  : Erro ao verificar disponibilidade da PokeAPI

java.lang.RuntimeException: API error
	at com.devcorp.ops_anime_universe_api.domain.service.PokemonCharacterService$isAvailable$2.invokeSuspend(PokemonCharacterService.kt:84) ~[classes/:na]
	at kotlin.coroutines.jvm.internal.BaseContinuationImpl.resumeWith(ContinuationImpl.kt:33) ~[kotlin-stdlib-1.9.25.jar:1.9.25-release-852]
	at kotlinx.coroutines.DispatchedTask.run(DispatchedTask.kt:104) ~[kotlinx-coroutines-core-jvm-1.8.1.jar:na]
	at kotlinx.coroutines.internal.LimitedDispatcher$Worker.run(LimitedDispatcher.kt:111) ~[kotlinx-coroutines-core-jvm-1.8.1.jar:na]
	at kotlinx.coroutines.scheduling.TaskImpl.run(Tasks.kt:99) ~[kotlinx-coroutines-core-jvm-1.8.1.jar:na]
	at kotlinx.coroutines.scheduling.CoroutineScheduler.runSafely(CoroutineScheduler.kt:584) ~[kotlinx-coroutines-core-jvm-1.8.1.jar:na]
	at kotlinx.coroutines.scheduling.CoroutineScheduler$Worker.executeTask(CoroutineScheduler.kt:811) ~[kotlinx-coroutines-core-jvm-1.8.1.jar:na]
	at kotlinx.coroutines.scheduling.CoroutineScheduler$Worker.runWorker(CoroutineScheduler.kt:715) ~[kotlinx-coroutines-core-jvm-1.8.1.jar:na]
	at kotlinx.coroutines.scheduling.CoroutineScheduler$Worker.run(CoroutineScheduler.kt:702) ~[kotlinx-coroutines-core-jvm-1.8.1.jar:na]

]]></system-out>
  </testcase>
  <testcase name="extractIdFromUrl should handle exception and return 0" classname="com.devcorp.ops_anime_universe_api.domain.service.PokemonCharacterServiceTest" time="0.004">
    <system-out><![CDATA[2025-03-29T21:38:43.547-03:00  WARN 40926 --- [test runner#155] c.d.o.d.service.PokemonCharacterService  : Erro ao extrair ID da URL: null

java.lang.NullPointerException: Parameter specified as non-null is null: method kotlin.text.Regex.find, parameter input
	at kotlin.text.Regex.find(Regex.kt) ~[kotlin-stdlib-1.9.25.jar:1.9.25-release-852]
	at kotlin.text.Regex.find$default(Regex.kt:120) ~[kotlin-stdlib-1.9.25.jar:1.9.25-release-852]
	at com.devcorp.ops_anime_universe_api.domain.service.PokemonCharacterService.extractIdFromUrl(PokemonCharacterService.kt:95) ~[classes/:na]
	at java.base/jdk.internal.reflect.DirectMethodHandleAccessor.invoke(DirectMethodHandleAccessor.java:103) ~[na:na]
	at java.base/java.lang.reflect.Method.invoke(Method.java:580) ~[na:na]
	at com.devcorp.ops_anime_universe_api.domain.service.PokemonCharacterServiceTest$extractIdFromUrl should handle exception and return 0$1.invokeSuspend(PokemonCharacterServiceTest.kt:278) ~[test-classes/:na]
	at com.devcorp.ops_anime_universe_api.domain.service.PokemonCharacterServiceTest$extractIdFromUrl should handle exception and return 0$1.invoke(PokemonCharacterServiceTest.kt) ~[test-classes/:na]
	at com.devcorp.ops_anime_universe_api.domain.service.PokemonCharacterServiceTest$extractIdFromUrl should handle exception and return 0$1.invoke(PokemonCharacterServiceTest.kt) ~[test-classes/:na]
	at kotlinx.coroutines.test.TestBuildersKt__TestBuildersKt$runTest$2$1$1.invokeSuspend(TestBuilders.kt:316) ~[kotlinx-coroutines-test-jvm-1.8.1.jar:na]
	at kotlin.coroutines.jvm.internal.BaseContinuationImpl.resumeWith(ContinuationImpl.kt:33) ~[kotlin-stdlib-1.9.25.jar:1.9.25-release-852]
	at kotlinx.coroutines.DispatchedTask.run(DispatchedTask.kt:104) ~[kotlinx-coroutines-core-jvm-1.8.1.jar:na]
	at kotlinx.coroutines.test.TestDispatcher.processEvent$kotlinx_coroutines_test(TestDispatcher.kt:24) ~[kotlinx-coroutines-test-jvm-1.8.1.jar:na]
	at kotlinx.coroutines.test.TestCoroutineScheduler.tryRunNextTaskUnless$kotlinx_coroutines_test(TestCoroutineScheduler.kt:99) ~[kotlinx-coroutines-test-jvm-1.8.1.jar:na]
	at kotlinx.coroutines.test.TestBuildersKt__TestBuildersKt$runTest$2$1$workRunner$1.invokeSuspend(TestBuilders.kt:322) ~[kotlinx-coroutines-test-jvm-1.8.1.jar:na]
	at kotlin.coroutines.jvm.internal.BaseContinuationImpl.resumeWith(ContinuationImpl.kt:33) ~[kotlin-stdlib-1.9.25.jar:1.9.25-release-852]
	at kotlinx.coroutines.DispatchedTask.run(DispatchedTask.kt:104) ~[kotlinx-coroutines-core-jvm-1.8.1.jar:na]
	at kotlinx.coroutines.EventLoopImplBase.processNextEvent(EventLoop.common.kt:277) ~[kotlinx-coroutines-core-jvm-1.8.1.jar:na]
	at kotlinx.coroutines.BlockingCoroutine.joinBlocking(Builders.kt:95) ~[kotlinx-coroutines-core-jvm-1.8.1.jar:na]
	at kotlinx.coroutines.BuildersKt__BuildersKt.runBlocking(Builders.kt:69) ~[kotlinx-coroutines-core-jvm-1.8.1.jar:na]
	at kotlinx.coroutines.BuildersKt.runBlocking(Unknown Source) ~[kotlinx-coroutines-core-jvm-1.8.1.jar:na]
	at kotlinx.coroutines.BuildersKt__BuildersKt.runBlocking$default(Builders.kt:48) ~[kotlinx-coroutines-core-jvm-1.8.1.jar:na]
	at kotlinx.coroutines.BuildersKt.runBlocking$default(Unknown Source) ~[kotlinx-coroutines-core-jvm-1.8.1.jar:na]
	at kotlinx.coroutines.test.TestBuildersJvmKt.createTestResult(TestBuildersJvm.kt:10) ~[kotlinx-coroutines-test-jvm-1.8.1.jar:na]
	at kotlinx.coroutines.test.TestBuildersKt__TestBuildersKt.runTest-8Mi8wO0(TestBuilders.kt:310) ~[kotlinx-coroutines-test-jvm-1.8.1.jar:na]
	at kotlinx.coroutines.test.TestBuildersKt.runTest-8Mi8wO0(Unknown Source) ~[kotlinx-coroutines-test-jvm-1.8.1.jar:na]
	at kotlinx.coroutines.test.TestBuildersKt__TestBuildersKt.runTest-8Mi8wO0$default(TestBuilders.kt:305) ~[kotlinx-coroutines-test-jvm-1.8.1.jar:na]
	at kotlinx.coroutines.test.TestBuildersKt.runTest-8Mi8wO0$default(Unknown Source) ~[kotlinx-coroutines-test-jvm-1.8.1.jar:na]
	at com.devcorp.ops_anime_universe_api.domain.service.PokemonCharacterServiceTest.extractIdFromUrl should handle exception and return 0(PokemonCharacterServiceTest.kt:266) ~[test-classes/:na]
	at java.base/jdk.internal.reflect.DirectMethodHandleAccessor.invoke(DirectMethodHandleAccessor.java:103) ~[na:na]
	at java.base/java.lang.reflect.Method.invoke(Method.java:580) ~[na:na]
	at org.junit.platform.commons.util.ReflectionUtils.invokeMethod(ReflectionUtils.java:767) ~[junit-platform-commons-1.11.4.jar:1.11.4]
	at org.junit.jupiter.engine.execution.MethodInvocation.proceed(MethodInvocation.java:60) ~[junit-jupiter-engine-5.11.4.jar:5.11.4]
	at org.junit.jupiter.engine.execution.InvocationInterceptorChain$ValidatingInvocation.proceed(InvocationInterceptorChain.java:131) ~[junit-jupiter-engine-5.11.4.jar:5.11.4]
	at org.junit.jupiter.engine.extension.TimeoutExtension.intercept(TimeoutExtension.java:156) ~[junit-jupiter-engine-5.11.4.jar:5.11.4]
	at org.junit.jupiter.engine.extension.TimeoutExtension.interceptTestableMethod(TimeoutExtension.java:147) ~[junit-jupiter-engine-5.11.4.jar:5.11.4]
	at org.junit.jupiter.engine.extension.TimeoutExtension.interceptTestMethod(TimeoutExtension.java:86) ~[junit-jupiter-engine-5.11.4.jar:5.11.4]
	at org.junit.jupiter.engine.execution.InterceptingExecutableInvoker$ReflectiveInterceptorCall.lambda$ofVoidMethod$0(InterceptingExecutableInvoker.java:103) ~[junit-jupiter-engine-5.11.4.jar:5.11.4]
	at org.junit.jupiter.engine.execution.InterceptingExecutableInvoker.lambda$invoke$0(InterceptingExecutableInvoker.java:93) ~[junit-jupiter-engine-5.11.4.jar:5.11.4]
	at org.junit.jupiter.engine.execution.InvocationInterceptorChain$InterceptedInvocation.proceed(InvocationInterceptorChain.java:106) ~[junit-jupiter-engine-5.11.4.jar:5.11.4]
	at org.junit.jupiter.engine.execution.InvocationInterceptorChain.proceed(InvocationInterceptorChain.java:64) ~[junit-jupiter-engine-5.11.4.jar:5.11.4]
	at org.junit.jupiter.engine.execution.InvocationInterceptorChain.chainAndInvoke(InvocationInterceptorChain.java:45) ~[junit-jupiter-engine-5.11.4.jar:5.11.4]
	at org.junit.jupiter.engine.execution.InvocationInterceptorChain.invoke(InvocationInterceptorChain.java:37) ~[junit-jupiter-engine-5.11.4.jar:5.11.4]
	at org.junit.jupiter.engine.execution.InterceptingExecutableInvoker.invoke(InterceptingExecutableInvoker.java:92) ~[junit-jupiter-engine-5.11.4.jar:5.11.4]
	at org.junit.jupiter.engine.execution.InterceptingExecutableInvoker.invoke(InterceptingExecutableInvoker.java:86) ~[junit-jupiter-engine-5.11.4.jar:5.11.4]
	at org.junit.jupiter.engine.descriptor.TestMethodTestDescriptor.lambda$invokeTestMethod$8(TestMethodTestDescriptor.java:217) ~[junit-jupiter-engine-5.11.4.jar:5.11.4]
	at org.junit.platform.engine.support.hierarchical.ThrowableCollector.execute(ThrowableCollector.java:73) ~[junit-platform-engine-1.11.4.jar:1.11.4]
	at org.junit.jupiter.engine.descriptor.TestMethodTestDescriptor.invokeTestMethod(TestMethodTestDescriptor.java:213) ~[junit-jupiter-engine-5.11.4.jar:5.11.4]
	at org.junit.jupiter.engine.descriptor.TestMethodTestDescriptor.execute(TestMethodTestDescriptor.java:138) ~[junit-jupiter-engine-5.11.4.jar:5.11.4]
	at org.junit.jupiter.engine.descriptor.TestMethodTestDescriptor.execute(TestMethodTestDescriptor.java:68) ~[junit-jupiter-engine-5.11.4.jar:5.11.4]
	at org.junit.platform.engine.support.hierarchical.NodeTestTask.lambda$executeRecursively$6(NodeTestTask.java:156) ~[junit-platform-engine-1.11.4.jar:1.11.4]
	at org.junit.platform.engine.support.hierarchical.ThrowableCollector.execute(ThrowableCollector.java:73) ~[junit-platform-engine-1.11.4.jar:1.11.4]
	at org.junit.platform.engine.support.hierarchical.NodeTestTask.lambda$executeRecursively$8(NodeTestTask.java:146) ~[junit-platform-engine-1.11.4.jar:1.11.4]
	at org.junit.platform.engine.support.hierarchical.Node.around(Node.java:137) ~[junit-platform-engine-1.11.4.jar:1.11.4]
	at org.junit.platform.engine.support.hierarchical.NodeTestTask.lambda$executeRecursively$9(NodeTestTask.java:144) ~[junit-platform-engine-1.11.4.jar:1.11.4]
	at org.junit.platform.engine.support.hierarchical.ThrowableCollector.execute(ThrowableCollector.java:73) ~[junit-platform-engine-1.11.4.jar:1.11.4]
	at org.junit.platform.engine.support.hierarchical.NodeTestTask.executeRecursively(NodeTestTask.java:143) ~[junit-platform-engine-1.11.4.jar:1.11.4]
	at org.junit.platform.engine.support.hierarchical.NodeTestTask.execute(NodeTestTask.java:100) ~[junit-platform-engine-1.11.4.jar:1.11.4]
	at java.base/java.util.ArrayList.forEach(ArrayList.java:1597) ~[na:na]
	at org.junit.platform.engine.support.hierarchical.SameThreadHierarchicalTestExecutorService.invokeAll(SameThreadHierarchicalTestExecutorService.java:41) ~[junit-platform-engine-1.11.4.jar:1.11.4]
	at org.junit.platform.engine.support.hierarchical.NodeTestTask.lambda$executeRecursively$6(NodeTestTask.java:160) ~[junit-platform-engine-1.11.4.jar:1.11.4]
	at org.junit.platform.engine.support.hierarchical.ThrowableCollector.execute(ThrowableCollector.java:73) ~[junit-platform-engine-1.11.4.jar:1.11.4]
	at org.junit.platform.engine.support.hierarchical.NodeTestTask.lambda$executeRecursively$8(NodeTestTask.java:146) ~[junit-platform-engine-1.11.4.jar:1.11.4]
	at org.junit.platform.engine.support.hierarchical.Node.around(Node.java:137) ~[junit-platform-engine-1.11.4.jar:1.11.4]
	at org.junit.platform.engine.support.hierarchical.NodeTestTask.lambda$executeRecursively$9(NodeTestTask.java:144) ~[junit-platform-engine-1.11.4.jar:1.11.4]
	at org.junit.platform.engine.support.hierarchical.ThrowableCollector.execute(ThrowableCollector.java:73) ~[junit-platform-engine-1.11.4.jar:1.11.4]
	at org.junit.platform.engine.support.hierarchical.NodeTestTask.executeRecursively(NodeTestTask.java:143) ~[junit-platform-engine-1.11.4.jar:1.11.4]
	at org.junit.platform.engine.support.hierarchical.NodeTestTask.execute(NodeTestTask.java:100) ~[junit-platform-engine-1.11.4.jar:1.11.4]
	at java.base/java.util.ArrayList.forEach(ArrayList.java:1597) ~[na:na]
	at org.junit.platform.engine.support.hierarchical.SameThreadHierarchicalTestExecutorService.invokeAll(SameThreadHierarchicalTestExecutorService.java:41) ~[junit-platform-engine-1.11.4.jar:1.11.4]
	at org.junit.platform.engine.support.hierarchical.NodeTestTask.lambda$executeRecursively$6(NodeTestTask.java:160) ~[junit-platform-engine-1.11.4.jar:1.11.4]
	at org.junit.platform.engine.support.hierarchical.ThrowableCollector.execute(ThrowableCollector.java:73) ~[junit-platform-engine-1.11.4.jar:1.11.4]
	at org.junit.platform.engine.support.hierarchical.NodeTestTask.lambda$executeRecursively$8(NodeTestTask.java:146) ~[junit-platform-engine-1.11.4.jar:1.11.4]
	at org.junit.platform.engine.support.hierarchical.Node.around(Node.java:137) ~[junit-platform-engine-1.11.4.jar:1.11.4]
	at org.junit.platform.engine.support.hierarchical.NodeTestTask.lambda$executeRecursively$9(NodeTestTask.java:144) ~[junit-platform-engine-1.11.4.jar:1.11.4]
	at org.junit.platform.engine.support.hierarchical.ThrowableCollector.execute(ThrowableCollector.java:73) ~[junit-platform-engine-1.11.4.jar:1.11.4]
	at org.junit.platform.engine.support.hierarchical.NodeTestTask.executeRecursively(NodeTestTask.java:143) ~[junit-platform-engine-1.11.4.jar:1.11.4]
	at org.junit.platform.engine.support.hierarchical.NodeTestTask.execute(NodeTestTask.java:100) ~[junit-platform-engine-1.11.4.jar:1.11.4]
	at org.junit.platform.engine.support.hierarchical.SameThreadHierarchicalTestExecutorService.submit(SameThreadHierarchicalTestExecutorService.java:35) ~[junit-platform-engine-1.11.4.jar:1.11.4]
	at org.junit.platform.engine.support.hierarchical.HierarchicalTestExecutor.execute(HierarchicalTestExecutor.java:57) ~[junit-platform-engine-1.11.4.jar:1.11.4]
	at org.junit.platform.engine.support.hierarchical.HierarchicalTestEngine.execute(HierarchicalTestEngine.java:54) ~[junit-platform-engine-1.11.4.jar:1.11.4]
	at org.junit.platform.launcher.core.EngineExecutionOrchestrator.execute(EngineExecutionOrchestrator.java:198) ~[junit-platform-launcher-1.11.4.jar:1.11.4]
	at org.junit.platform.launcher.core.EngineExecutionOrchestrator.execute(EngineExecutionOrchestrator.java:169) ~[junit-platform-launcher-1.11.4.jar:1.11.4]
	at org.junit.platform.launcher.core.EngineExecutionOrchestrator.execute(EngineExecutionOrchestrator.java:93) ~[junit-platform-launcher-1.11.4.jar:1.11.4]
	at org.junit.platform.launcher.core.EngineExecutionOrchestrator.lambda$execute$0(EngineExecutionOrchestrator.java:58) ~[junit-platform-launcher-1.11.4.jar:1.11.4]
	at org.junit.platform.launcher.core.EngineExecutionOrchestrator.withInterceptedStreams(EngineExecutionOrchestrator.java:141) ~[junit-platform-launcher-1.11.4.jar:1.11.4]
	at org.junit.platform.launcher.core.EngineExecutionOrchestrator.execute(EngineExecutionOrchestrator.java:57) ~[junit-platform-launcher-1.11.4.jar:1.11.4]
	at org.junit.platform.launcher.core.DefaultLauncher.execute(DefaultLauncher.java:103) ~[junit-platform-launcher-1.11.4.jar:1.11.4]
	at org.junit.platform.launcher.core.DefaultLauncher.execute(DefaultLauncher.java:85) ~[junit-platform-launcher-1.11.4.jar:1.11.4]
	at org.junit.platform.launcher.core.DelegatingLauncher.execute(DelegatingLauncher.java:47) ~[junit-platform-launcher-1.11.4.jar:1.11.4]
	at org.apache.maven.surefire.junitplatform.LazyLauncher.execute(LazyLauncher.java:56) ~[surefire-junit-platform-3.5.2.jar:3.5.2]
	at org.apache.maven.surefire.junitplatform.JUnitPlatformProvider.execute(JUnitPlatformProvider.java:184) ~[surefire-junit-platform-3.5.2.jar:3.5.2]
	at org.apache.maven.surefire.junitplatform.JUnitPlatformProvider.invokeAllTests(JUnitPlatformProvider.java:148) ~[surefire-junit-platform-3.5.2.jar:3.5.2]
	at org.apache.maven.surefire.junitplatform.JUnitPlatformProvider.invoke(JUnitPlatformProvider.java:122) ~[surefire-junit-platform-3.5.2.jar:3.5.2]
	at org.apache.maven.surefire.booter.ForkedBooter.runSuitesInProcess(ForkedBooter.java:385) ~[surefire-booter-3.5.2.jar:3.5.2]
	at org.apache.maven.surefire.booter.ForkedBooter.execute(ForkedBooter.java:162) ~[surefire-booter-3.5.2.jar:3.5.2]
	at org.apache.maven.surefire.booter.ForkedBooter.run(ForkedBooter.java:507) ~[surefire-booter-3.5.2.jar:3.5.2]
	at org.apache.maven.surefire.booter.ForkedBooter.main(ForkedBooter.java:495) ~[surefire-booter-3.5.2.jar:3.5.2]

]]></system-out>
  </testcase>
</testsuite>